{"logTime":"0426/025813","correlationVector":"YrNCxp2G/76T2OqIA8OGX1.0","action":"SyncServerConnectionManagerRequest", "result":"SYNC_SERVER_OK", "context":{"environment":"", "server":""}}
{"logTime":"0426/025817","correlationVector":"WLftu5GtGeNtd8H/Gvv3rC.1","action":"SyncServerConnectionManagerRequest", "result":"SYNC_SERVER_OK", "context":{"environment":"48F630A6-CB1B-4CC7-86AF-0F6627234B58", "server":"BN3PEPF0000089F"}}
{"logTime":"0426/025818","correlationVector":"gxFui57tODdzfYDWQarAyu.1","action":"SyncServerConnectionManagerRequest", "result":"SYNC_SERVER_OK", "context":{"environment":"48F630A6-CB1B-4CC7-86AF-0F6627234B58", "server":"BN3PEPF0000089F"}}
{"logTime":"0426/025818","correlationVector":"WLftu5GtGeNtd8H/Gvv3rC","action":"Initial GetUpdates", "result":""}
{"logTime":"0426/025818","correlationVector":"WLftu5GtGeNtd8H/Gvv3rC.2","action":"GetUpdates Response", "result":"SERVER_MORE_TO_DOWNLOAD"}
{"logTime":"0426/025818","correlationVector":"gxFui57tODdzfYDWQarAyu","action":"Initial GetUpdates", "result":""}
{"logTime":"0426/025818","correlationVector":"gxFui57tODdzfYDWQarAyu.2","action":"GetUpdates Response", "result":"SYNCER_OK"}
{"logTime":"0426/025818","correlationVector":"lxbDVztW5pkYtEy8v2rzqw","action":"Initial GetUpdates", "result":""}
{"logTime":"0426/025819","correlationVector":"lxbDVztW5pkYtEy8v2rzqw.1","action":"SyncServerConnectionManagerRequest", "result":"SYNC_SERVER_OK", "context":{"environment":"48F630A6-CB1B-4CC7-86AF-0F6627234B58", "server":"BN3PEPF0000089F"}}
{"logTime":"0426/025819","correlationVector":"lxbDVztW5pkYtEy8v2rzqw.2","action":"GetUpdates Response", "result":"SYNCER_OK"}
{"logTime":"0426/025819","correlationVector":"MoqwJIDF2fWDy+nDQVBsT1","action":"Initial GetUpdates", "result":""}
{"logTime":"0426/025821","correlationVector":"MoqwJIDF2fWDy+nDQVBsT1.1","action":"SyncServerConnectionManagerRequest", "result":"SYNC_SERVER_OK", "context":{"environment":"48F630A6-CB1B-4CC7-86AF-0F6627234B58", "server":"BN3PEPF0000089F"}}
{"logTime":"0426/025821","correlationVector":"MoqwJIDF2fWDy+nDQVBsT1.2","action":"GetUpdates Response", "result":"SERVER_MORE_TO_DOWNLOAD"}
{"logTime":"0426/025821","correlationVector":"jci5jjXrOaMk6piLJz9gNh","action":"Initial GetUpdates", "result":""}
{"logTime":"0426/025822","correlationVector":"jci5jjXrOaMk6piLJz9gNh.1","action":"SyncServerConnectionManagerRequest", "result":"SYNC_SERVER_OK", "context":{"environment":"48F630A6-CB1B-4CC7-86AF-0F6627234B58", "server":"BN3PEPF0000089F"}}
{"logTime":"0426/025822","correlationVector":"jci5jjXrOaMk6piLJz9gNh.2","action":"GetUpdates Response", "result":"SYNCER_OK"}
{"logTime":"0426/025822","correlationVector":"PE7UrpU+WYEoYNTBsD6o/E","action":"Normal GetUpdate request", "result":""}
{"logTime":"0426/025822","correlationVector":"PE7UrpU+WYEoYNTBsD6o/E.1","action":"SyncServerConnectionManagerRequest", "result":"SYNC_SERVER_OK", "context":{"environment":"48F630A6-CB1B-4CC7-86AF-0F6627234B58", "server":"BN3PEPF0000089F"}}
{"logTime":"0426/025822","correlationVector":"PE7UrpU+WYEoYNTBsD6o/E.2","action":"GetUpdates Response", "result":"SYNCER_OK"}
{"logTime":"0426/025822","correlationVector":"0MXXzi1NGmNP0rL9Yeqnxo","action":"Commit Request", "result":""}
{"logTime":"0426/025823","correlationVector":"0MXXzi1NGmNP0rL9Yeqnxo.1","action":"SyncServerConnectionManagerRequest", "result":"SYNC_SERVER_OK", "context":{"environment":"48F630A6-CB1B-4CC7-86AF-0F6627234B58", "server":"BN3PEPF0000089F"}}
{"logTime":"0426/025823","correlationVector":"0MXXzi1NGmNP0rL9Yeqnxo.2","action":"Commit Response", "result":"SYNCER_OK"}
